<?xml version="1.0" encoding="UTF-8"?>
<!-- Generated by org.testng.reporters.JUnitReportReporter -->
<testsuite skipped="0" hostname="N004776" name="Teste.teste.AppTest" tests="1" failures="0" timestamp="21 mar 2019 12:07:20 GMT" time="0.002" errors="0">
  <testcase name="testApp" time="0.002" classname="Teste.teste.AppTest"/>
</testsuite> <!-- Teste.teste.AppTest -->
