<?xml version="1.0" encoding="UTF-8"?>
<!-- Generated by org.testng.reporters.JUnitReportReporter -->
<testsuite skipped="0" hostname="N004776" name="Teste.teste.Testesss" tests="1" failures="0" timestamp="21 mar 2019 12:09:50 GMT" time="27.386" errors="0">
  <testcase name="LaunchChrome_Method2" time="27.386" classname="Teste.teste.Testesss"/>
</testsuite> <!-- Teste.teste.Testesss -->
