<?xml version="1.0" encoding="UTF-8"?>
<!-- Generated by org.testng.reporters.JUnitReportReporter -->
<testsuite skipped="0" hostname="N004776" name="Teste.teste.seleniumParallTestng" tests="3" failures="0" timestamp="21 mar 2019 17:59:50 GMT" time="70.926" errors="0">
  <testcase name="executSessionOne" time="28.900" classname="Teste.teste.seleniumParallTestng"/>
  <testcase name="executSessionThree" time="10.380" classname="Teste.teste.seleniumParallTestng"/>
  <testcase name="executeSessionTwo" time="31.646" classname="Teste.teste.seleniumParallTestng"/>
</testsuite> <!-- Teste.teste.seleniumParallTestng -->
